skse64 loader 02010020 01D87F03DE23679A 6.2 (9200)
config path = C:\Games\The Elder Scrolls V Skyrim Kridla\Data\SKSE\skse.ini
procPath = C:\Games\The Elder Scrolls V Skyrim Kridla\\SkyrimSE.exe
launching: SkyrimSE.exe (C:\Games\The Elder Scrolls V Skyrim Kridla\\SkyrimSE.exe)
dwSignature = FEEF04BD
dwStrucVersion = 00010000
dwFileVersionMS = 00010006
dwFileVersionLS = 013E0000
dwProductVersionMS = 00010006
dwProductVersionLS = 013E0000
dwFileFlagsMask = 00000017
dwFileFlags = 00000000
dwFileOS = 00000004
dwFileType = 00000001
dwFileSubtype = 00000000
dwFileDateMS = 00000000
dwFileDateLS = 00000000
productVersionStr = 1.6.318.0
version = 00010006013E0000
product name = TESV: Skyrim
steam exe
dll = C:\Games\The Elder Scrolls V Skyrim Kridla\\skse64_1_6_318.dll
main thread id = 5968
hookBase = 0000022013F50000
loadLibraryAAddr = 00007FFE441E04F0
getProcAddressAddr = 00007FFE441DAEC0
hook thread complete
launching
